<?xml version="1.0" encoding="UTF-8"?>
<!-- Generated by org.testng.reporters.JUnitReportReporter -->
<testsuite hostname="ALP000000860" name="myretailTest.LandingPageTest" tests="4" failures="0" timestamp="29 Feb 2016 03:29:12 GMT" time="0.797" errors="0">
  <testcase name="verifyThreeButtons" time="0.218" classname="myretailTest.LandingPageTest"/>
  <testcase name="verifyTableHeader" time="0.255" classname="myretailTest.LandingPageTest"/>
  <testcase name="verifyPageTitle" time="0.138" classname="myretailTest.LandingPageTest"/>
  <testcase name="verifySearchProduct" time="0.186" classname="myretailTest.LandingPageTest"/>
</testsuite> <!-- myretailTest.LandingPageTest -->
