<?xml version="1.0" encoding="UTF-8"?>
<!-- Generated by org.testng.reporters.JUnitReportReporter -->
<testsuite hostname="ALP000000860" name="myretailTest.FindAllProductsPage" tests="3" failures="0" timestamp="29 Feb 2016 03:29:12 GMT" time="64.348" errors="0">
  <testcase name="searchWithoutProductId" time="3.643" classname="myretailTest.FindAllProductsPage"/>
  <testcase name="verifyAllProducts" time="30.359" classname="myretailTest.FindAllProductsPage"/>
  <testcase name="searchProduct" time="30.346" classname="myretailTest.FindAllProductsPage"/>
</testsuite> <!-- myretailTest.FindAllProductsPage -->
