<?xml version="1.0" encoding="UTF-8"?>
<!-- Generated by org.testng.reporters.JUnitReportReporter -->
<testsuite hostname="ALP000000860" name="myretailTest.FindAllProductsInStock" tests="1" failures="0" timestamp="29 Feb 2016 03:29:12 GMT" time="30.718" errors="0">
  <testcase name="verifyAllProducts" time="30.718" classname="myretailTest.FindAllProductsInStock"/>
</testsuite> <!-- myretailTest.FindAllProductsInStock -->
