<?xml version="1.0" encoding="UTF-8"?>
<!-- Generated by org.testng.reporters.JUnitReportReporter -->
<testsuite hostname="ALP000000860" name="myretailTest.FirstTest" tests="1" failures="0" timestamp="28 Feb 2016 16:15:20 GMT" time="1.363" errors="0">
  <testcase name="f" time="1.363" classname="myretailTest.FirstTest"/>
</testsuite> <!-- myretailTest.FirstTest -->
