<?xml version="1.0" encoding="UTF-8"?>
<!-- Generated by org.testng.reporters.JUnitReportReporter -->
<testsuite hostname="ALP000000860" name="myretailTest.LandingPageTest" tests="4" failures="0" timestamp="29 Feb 2016 00:52:50 GMT" time="3.417" errors="0">
  <testcase name="verifyTableHeader" time="0.095" classname="myretailTest.LandingPageTest"/>
  <testcase name="verifySearchProduct" time="0.040" classname="myretailTest.LandingPageTest"/>
  <testcase name="verifyThreeButtons" time="0.053" classname="myretailTest.LandingPageTest"/>
  <testcase name="verifyPageTitle" time="3.229" classname="myretailTest.LandingPageTest"/>
</testsuite> <!-- myretailTest.LandingPageTest -->
